[2025-02-04 09:13:05Z INFO HostContext] No proxy settings were found based on environmental variables (http_proxy/https_proxy/HTTP_PROXY/HTTPS_PROXY)
[2025-02-04 09:13:05Z INFO HostContext] Well known directory 'Bin': '/Volumes/Projects/SwiftUI/quotes_Api/actions-runner/bin'
[2025-02-04 09:13:05Z INFO HostContext] Well known directory 'Root': '/Volumes/Projects/SwiftUI/quotes_Api/actions-runner'
[2025-02-04 09:13:05Z INFO HostContext] Well known config file 'Credentials': '/Volumes/Projects/SwiftUI/quotes_Api/actions-runner/.credentials'
[2025-02-04 09:13:05Z INFO HostContext] Well known directory 'Bin': '/Volumes/Projects/SwiftUI/quotes_Api/actions-runner/bin'
[2025-02-04 09:13:05Z INFO HostContext] Well known directory 'Root': '/Volumes/Projects/SwiftUI/quotes_Api/actions-runner'
[2025-02-04 09:13:05Z INFO HostContext] Well known config file 'Runner': '/Volumes/Projects/SwiftUI/quotes_Api/actions-runner/.runner'
[2025-02-04 09:13:06Z INFO Listener] Runner is built for OSX (X64) - osx-x64.
[2025-02-04 09:13:06Z INFO Listener] RuntimeInformation: Darwin 24.1.0 Darwin Kernel Version 24.1.0: Thu Oct 10 21:02:45 PDT 2024; root:xnu-11215.41.3~2/RELEASE_ARM64_T8112.
[2025-02-04 09:13:06Z INFO Listener] Version: 2.322.0
[2025-02-04 09:13:06Z INFO Listener] Commit: 0edc478ca75d0a753dcbcec7405f3f26db67b1ac
[2025-02-04 09:13:06Z INFO Listener] Culture: en-US
[2025-02-04 09:13:06Z INFO Listener] UI Culture: en-US
[2025-02-04 09:13:06Z INFO HostContext] Well known directory 'Bin': '/Volumes/Projects/SwiftUI/quotes_Api/actions-runner/bin'
[2025-02-04 09:13:06Z INFO HostContext] Well known directory 'Root': '/Volumes/Projects/SwiftUI/quotes_Api/actions-runner'
[2025-02-04 09:13:06Z INFO Listener] Validating directory permissions for: '/Volumes/Projects/SwiftUI/quotes_Api/actions-runner'
[2025-02-04 09:13:06Z INFO CommandLineParser] Parse
[2025-02-04 09:13:06Z INFO CommandLineParser] Parsing 5 args
[2025-02-04 09:13:06Z INFO CommandLineParser] parsing argument
[2025-02-04 09:13:06Z INFO CommandLineParser] HasArgs: False
[2025-02-04 09:13:06Z INFO CommandLineParser] Adding Command: configure
[2025-02-04 09:13:06Z INFO CommandLineParser] parsing argument
[2025-02-04 09:13:06Z INFO CommandLineParser] HasArgs: True
[2025-02-04 09:13:06Z INFO CommandLineParser] arg: url
[2025-02-04 09:13:06Z INFO CommandLineParser] parsing argument
[2025-02-04 09:13:06Z INFO CommandLineParser] HasArgs: True
[2025-02-04 09:13:06Z INFO CommandLineParser] Adding option 'url': 'https://github.com/chaturj/quotesApi'
[2025-02-04 09:13:06Z INFO CommandLineParser] parsing argument
[2025-02-04 09:13:06Z INFO CommandLineParser] HasArgs: True
[2025-02-04 09:13:06Z INFO CommandLineParser] arg: token
[2025-02-04 09:13:06Z INFO CommandLineParser] parsing argument
[2025-02-04 09:13:06Z INFO CommandLineParser] HasArgs: True
[2025-02-04 09:13:06Z INFO CommandLineParser] Adding option 'token': '***'
[2025-02-04 09:13:06Z INFO Listener] Arguments parsed
[2025-02-04 09:13:06Z INFO Runner] ExecuteCommand
[2025-02-04 09:13:06Z INFO ConfigurationStore] currentAssemblyLocation: /Volumes/Projects/SwiftUI/quotes_Api/actions-runner/bin/Runner.Listener.dll
[2025-02-04 09:13:06Z INFO HostContext] Well known directory 'Bin': '/Volumes/Projects/SwiftUI/quotes_Api/actions-runner/bin'
[2025-02-04 09:13:06Z INFO ConfigurationStore] binPath: /Volumes/Projects/SwiftUI/quotes_Api/actions-runner/bin
[2025-02-04 09:13:06Z INFO HostContext] Well known directory 'Bin': '/Volumes/Projects/SwiftUI/quotes_Api/actions-runner/bin'
[2025-02-04 09:13:06Z INFO HostContext] Well known directory 'Root': '/Volumes/Projects/SwiftUI/quotes_Api/actions-runner'
[2025-02-04 09:13:06Z INFO ConfigurationStore] RootFolder: /Volumes/Projects/SwiftUI/quotes_Api/actions-runner
[2025-02-04 09:13:06Z INFO HostContext] Well known directory 'Bin': '/Volumes/Projects/SwiftUI/quotes_Api/actions-runner/bin'
[2025-02-04 09:13:06Z INFO HostContext] Well known directory 'Root': '/Volumes/Projects/SwiftUI/quotes_Api/actions-runner'
[2025-02-04 09:13:06Z INFO HostContext] Well known config file 'Runner': '/Volumes/Projects/SwiftUI/quotes_Api/actions-runner/.runner'
[2025-02-04 09:13:06Z INFO ConfigurationStore] ConfigFilePath: /Volumes/Projects/SwiftUI/quotes_Api/actions-runner/.runner
[2025-02-04 09:13:06Z INFO HostContext] Well known directory 'Bin': '/Volumes/Projects/SwiftUI/quotes_Api/actions-runner/bin'
[2025-02-04 09:13:06Z INFO HostContext] Well known directory 'Root': '/Volumes/Projects/SwiftUI/quotes_Api/actions-runner'
[2025-02-04 09:13:06Z INFO HostContext] Well known config file 'Credentials': '/Volumes/Projects/SwiftUI/quotes_Api/actions-runner/.credentials'
[2025-02-04 09:13:06Z INFO ConfigurationStore] CredFilePath: /Volumes/Projects/SwiftUI/quotes_Api/actions-runner/.credentials
[2025-02-04 09:13:06Z INFO HostContext] Well known directory 'Bin': '/Volumes/Projects/SwiftUI/quotes_Api/actions-runner/bin'
[2025-02-04 09:13:06Z INFO HostContext] Well known directory 'Root': '/Volumes/Projects/SwiftUI/quotes_Api/actions-runner'
[2025-02-04 09:13:06Z INFO HostContext] Well known config file 'MigratedCredentials': '/Volumes/Projects/SwiftUI/quotes_Api/actions-runner/.credentials_migrated'
[2025-02-04 09:13:06Z INFO ConfigurationStore] MigratedCredFilePath: /Volumes/Projects/SwiftUI/quotes_Api/actions-runner/.credentials_migrated
[2025-02-04 09:13:06Z INFO HostContext] Well known directory 'Bin': '/Volumes/Projects/SwiftUI/quotes_Api/actions-runner/bin'
[2025-02-04 09:13:06Z INFO HostContext] Well known directory 'Root': '/Volumes/Projects/SwiftUI/quotes_Api/actions-runner'
[2025-02-04 09:13:06Z INFO HostContext] Well known config file 'Service': '/Volumes/Projects/SwiftUI/quotes_Api/actions-runner/.service'
[2025-02-04 09:13:06Z INFO ConfigurationStore] ServiceConfigFilePath: /Volumes/Projects/SwiftUI/quotes_Api/actions-runner/.service
[2025-02-04 09:13:06Z INFO CommandSettings] Flag 'help': 'False'
[2025-02-04 09:13:06Z INFO CommandSettings] Flag 'version': 'False'
[2025-02-04 09:13:06Z INFO CommandSettings] Flag 'commit': 'False'
[2025-02-04 09:13:06Z INFO CommandSettings] Flag 'check': 'False'
[2025-02-04 09:13:06Z INFO CommandSettings] Command 'configure': 'True'
[2025-02-04 09:13:06Z INFO Terminal] WRITE LINE: 
[2025-02-04 09:13:06Z INFO Terminal] WRITE LINE: --------------------------------------------------------------------------------
[2025-02-04 09:13:06Z INFO Terminal] WRITE LINE: |        ____ _ _   _   _       _          _        _   _                      |
[2025-02-04 09:13:06Z INFO Terminal] WRITE LINE: |       / ___(_) |_| | | |_   _| |__      / \   ___| |_(_) ___  _ __  ___      |
[2025-02-04 09:13:06Z INFO Terminal] WRITE LINE: |      | |  _| | __| |_| | | | | '_ \    / _ \ / __| __| |/ _ \| '_ \/ __|     |
[2025-02-04 09:13:06Z INFO Terminal] WRITE LINE: |      | |_| | | |_|  _  | |_| | |_) |  / ___ \ (__| |_| | (_) | | | \__ \     |
[2025-02-04 09:13:06Z INFO Terminal] WRITE LINE: |       \____|_|\__|_| |_|\__,_|_.__/  /_/   \_\___|\__|_|\___/|_| |_|___/     |
[2025-02-04 09:13:06Z INFO Terminal] WRITE LINE: |                                                                              |
[2025-02-04 09:13:06Z INFO Terminal] WRITE: |                       
[2025-02-04 09:13:06Z INFO Terminal] WRITE: Self-hosted runner registration
[2025-02-04 09:13:06Z INFO Terminal] WRITE LINE:                         |
[2025-02-04 09:13:06Z INFO Terminal] WRITE LINE: |                                                                              |
[2025-02-04 09:13:06Z INFO Terminal] WRITE LINE: --------------------------------------------------------------------------------
[2025-02-04 09:13:06Z INFO ConfigurationManager] ConfigureAsync
[2025-02-04 09:13:06Z INFO CommandSettings] Flag 'generateServiceConfig': 'False'
[2025-02-04 09:13:06Z INFO ConfigurationStore] IsConfigured()
[2025-02-04 09:13:06Z INFO ConfigurationStore] IsConfigured: False
[2025-02-04 09:13:06Z INFO ConfigurationManager] Is configured: False
[2025-02-04 09:13:06Z INFO CommandSettings] Arg 'url': 'https://github.com/chaturj/quotesApi'
[2025-02-04 09:13:06Z INFO CommandSettings] Remove url from Arg dictionary.
[2025-02-04 09:13:06Z INFO CommandSettings] Arg 'token': '***'
[2025-02-04 09:13:06Z INFO CommandSettings] Remove token from Arg dictionary.
[2025-02-04 09:13:11Z INFO ConfigurationManager] Http response code: OK from 'POST https://api.github.com/actions/runner-registration' (CF6B:0A5C:251267:2C2E3B:67A1DA27)
[2025-02-04 09:13:12Z INFO ConfigurationManager] Using V2 flow: False
[2025-02-04 09:13:12Z INFO ConfigurationManager] cred retrieved via GitHub auth
[2025-02-04 09:13:12Z INFO RunnerServer] EstablishVssConnection
[2025-02-04 09:13:12Z INFO RunnerServer] Establish connection with 100 seconds timeout.
[2025-02-04 09:13:12Z INFO GitHubActionsService] Starting operation Location.GetConnectionData
[2025-02-04 09:13:12Z INFO RunnerServer] EstablishVssConnection
[2025-02-04 09:13:12Z INFO RunnerServer] Establish connection with 60 seconds timeout.
[2025-02-04 09:13:12Z INFO GitHubActionsService] Starting operation Location.GetConnectionData
[2025-02-04 09:13:12Z INFO RunnerServer] EstablishVssConnection
[2025-02-04 09:13:12Z INFO RunnerServer] Establish connection with 60 seconds timeout.
[2025-02-04 09:13:12Z INFO GitHubActionsService] Starting operation Location.GetConnectionData
[2025-02-04 09:13:14Z INFO GitHubActionsService] Finished operation Location.GetConnectionData
[2025-02-04 09:13:14Z INFO GitHubActionsService] Finished operation Location.GetConnectionData
[2025-02-04 09:13:14Z INFO GitHubActionsService] Finished operation Location.GetConnectionData
[2025-02-04 09:13:14Z INFO Terminal] WRITE LINE: 
[2025-02-04 09:13:14Z INFO ConfigurationManager] Test Connection complete.
[2025-02-04 09:13:14Z INFO HostContext] Well known directory 'Bin': '/Volumes/Projects/SwiftUI/quotes_Api/actions-runner/bin'
[2025-02-04 09:13:14Z INFO HostContext] Well known directory 'Root': '/Volumes/Projects/SwiftUI/quotes_Api/actions-runner'
[2025-02-04 09:13:14Z INFO HostContext] Well known config file 'RSACredentials': '/Volumes/Projects/SwiftUI/quotes_Api/actions-runner/.credentials_rsaparams'
[2025-02-04 09:13:14Z INFO RSAFileKeyManager] Creating new RSA key using 2048-bit key length
[2025-02-04 09:13:14Z INFO RSAFileKeyManager] Successfully saved RSA key parameters to file /Volumes/Projects/SwiftUI/quotes_Api/actions-runner/.credentials_rsaparams
[2025-02-04 09:13:14Z INFO RSAFileKeyManager] Which2: 'chmod'
[2025-02-04 09:13:14Z INFO RSAFileKeyManager] Location: '/bin/chmod'
[2025-02-04 09:13:15Z INFO HostContext] Well known directory 'Bin': '/Volumes/Projects/SwiftUI/quotes_Api/actions-runner/bin'
[2025-02-04 09:13:15Z INFO HostContext] Well known directory 'Root': '/Volumes/Projects/SwiftUI/quotes_Api/actions-runner'
[2025-02-04 09:13:15Z INFO ProcessInvokerWrapper] Starting process:
[2025-02-04 09:13:15Z INFO ProcessInvokerWrapper]   File name: '/bin/chmod'
[2025-02-04 09:13:15Z INFO ProcessInvokerWrapper]   Arguments: '600 /Volumes/Projects/SwiftUI/quotes_Api/actions-runner/.credentials_rsaparams'
[2025-02-04 09:13:15Z INFO ProcessInvokerWrapper]   Working directory: '/Volumes/Projects/SwiftUI/quotes_Api/actions-runner'
[2025-02-04 09:13:15Z INFO ProcessInvokerWrapper]   Require exit code zero: 'False'
[2025-02-04 09:13:15Z INFO ProcessInvokerWrapper]   Encoding web name:  ; code page: ''
[2025-02-04 09:13:15Z INFO ProcessInvokerWrapper]   Force kill process on cancellation: 'False'
[2025-02-04 09:13:15Z INFO ProcessInvokerWrapper]   Redirected STDIN: 'False'
[2025-02-04 09:13:15Z INFO ProcessInvokerWrapper]   Persist current code page: 'False'
[2025-02-04 09:13:15Z INFO ProcessInvokerWrapper]   Keep redirected STDIN open: 'False'
[2025-02-04 09:13:15Z INFO ProcessInvokerWrapper]   High priority process: 'False'
[2025-02-04 09:13:15Z INFO ProcessInvokerWrapper] Process started with process id 30009, waiting for process exit.
[2025-02-04 09:13:16Z INFO ProcessInvokerWrapper] STDOUT/STDERR stream read finished.
[2025-02-04 09:13:16Z INFO ProcessInvokerWrapper] STDOUT/STDERR stream read finished.
[2025-02-04 09:13:16Z INFO ProcessInvokerWrapper] Finished process 30009 with exit code 0, and elapsed time 00:00:00.8492670.
[2025-02-04 09:13:16Z INFO RSAFileKeyManager] Successfully set permissions for RSA key parameters file /Volumes/Projects/SwiftUI/quotes_Api/actions-runner/.credentials_rsaparams
[2025-02-04 09:13:16Z INFO CommandSettings] Arg 'runnergroup': ''
[2025-02-04 09:13:16Z INFO CommandSettings] Flag 'unattended': 'False'
[2025-02-04 09:13:16Z INFO PromptManager] ReadValue
[2025-02-04 09:13:16Z INFO Terminal] WRITE: Enter the name of the runner group to add this runner to: 
[2025-02-04 09:13:16Z INFO Terminal] WRITE: [press Enter for Default] 
[2025-02-04 09:13:16Z INFO Terminal] READ LINE
[2025-02-04 09:13:30Z INFO Terminal] Read value: 'quoteApi'
[2025-02-04 09:13:30Z INFO Terminal] WRITE LINE: 
[2025-02-04 09:13:30Z ERR  Runner] GitHub.DistributedTask.WebApi.TaskAgentPoolNotFoundException: Could not find any self-hosted runner group named "quoteApi".
   at GitHub.Runner.Listener.Configuration.ConfigurationManager.ConfigureAsync(CommandSettings command)
   at GitHub.Runner.Listener.Runner.ExecuteCommand(CommandSettings command)
[2025-02-04 09:13:30Z ERR  Terminal] WRITE ERROR: Could not find any self-hosted runner group named "quoteApi".
[2025-02-04 09:13:30Z INFO Listener] Runner execution has finished with return code 1
