[2025-01-30 13:22:34Z INFO HostContext] No proxy settings were found based on environmental variables (http_proxy/https_proxy/HTTP_PROXY/HTTPS_PROXY)
[2025-01-30 13:22:34Z INFO HostContext] Well known directory 'Bin': '/Volumes/Project/Project/MyApp/quotable/actions-runner/bin'
[2025-01-30 13:22:34Z INFO HostContext] Well known directory 'Root': '/Volumes/Project/Project/MyApp/quotable/actions-runner'
[2025-01-30 13:22:34Z INFO HostContext] Well known config file 'Credentials': '/Volumes/Project/Project/MyApp/quotable/actions-runner/.credentials'
[2025-01-30 13:22:34Z INFO HostContext] Well known directory 'Bin': '/Volumes/Project/Project/MyApp/quotable/actions-runner/bin'
[2025-01-30 13:22:34Z INFO HostContext] Well known directory 'Root': '/Volumes/Project/Project/MyApp/quotable/actions-runner'
[2025-01-30 13:22:34Z INFO HostContext] Well known config file 'Runner': '/Volumes/Project/Project/MyApp/quotable/actions-runner/.runner'
[2025-01-30 13:22:34Z INFO Listener] Runner is built for OSX (X64) - osx-x64.
[2025-01-30 13:22:34Z INFO Listener] RuntimeInformation: Darwin 24.2.0 Darwin Kernel Version 24.2.0: Fri Dec  6 18:41:43 PST 2024; root:xnu-11215.61.5~2/RELEASE_X86_64.
[2025-01-30 13:22:34Z INFO Listener] Version: 2.321.0
[2025-01-30 13:22:34Z INFO Listener] Commit: e249007931b7c8e857797fa259c167f0bd4f997a
[2025-01-30 13:22:34Z INFO Listener] Culture: en-GB
[2025-01-30 13:22:34Z INFO Listener] UI Culture: en-GB
[2025-01-30 13:22:34Z INFO HostContext] Well known directory 'Bin': '/Volumes/Project/Project/MyApp/quotable/actions-runner/bin'
[2025-01-30 13:22:34Z INFO HostContext] Well known directory 'Root': '/Volumes/Project/Project/MyApp/quotable/actions-runner'
[2025-01-30 13:22:34Z INFO Listener] Validating directory permissions for: '/Volumes/Project/Project/MyApp/quotable/actions-runner'
[2025-01-30 13:22:34Z INFO CommandLineParser] Parse
[2025-01-30 13:22:34Z INFO CommandLineParser] Parsing 5 args
[2025-01-30 13:22:34Z INFO CommandLineParser] parsing argument
[2025-01-30 13:22:34Z INFO CommandLineParser] HasArgs: False
[2025-01-30 13:22:34Z INFO CommandLineParser] Adding Command: configure
[2025-01-30 13:22:34Z INFO CommandLineParser] parsing argument
[2025-01-30 13:22:34Z INFO CommandLineParser] HasArgs: True
[2025-01-30 13:22:34Z INFO CommandLineParser] arg: url
[2025-01-30 13:22:34Z INFO CommandLineParser] parsing argument
[2025-01-30 13:22:34Z INFO CommandLineParser] HasArgs: True
[2025-01-30 13:22:34Z INFO CommandLineParser] Adding option 'url': 'https://github.com/chiragjodhani/quoteMinimal'
[2025-01-30 13:22:34Z INFO CommandLineParser] parsing argument
[2025-01-30 13:22:34Z INFO CommandLineParser] HasArgs: True
[2025-01-30 13:22:34Z INFO CommandLineParser] arg: token
[2025-01-30 13:22:34Z INFO CommandLineParser] parsing argument
[2025-01-30 13:22:34Z INFO CommandLineParser] HasArgs: True
[2025-01-30 13:22:34Z INFO CommandLineParser] Adding option 'token': '***'
[2025-01-30 13:22:34Z INFO Listener] Arguments parsed
[2025-01-30 13:22:35Z INFO Runner] ExecuteCommand
[2025-01-30 13:22:35Z INFO ConfigurationStore] currentAssemblyLocation: /Volumes/Project/Project/MyApp/quotable/actions-runner/bin/Runner.Listener.dll
[2025-01-30 13:22:35Z INFO HostContext] Well known directory 'Bin': '/Volumes/Project/Project/MyApp/quotable/actions-runner/bin'
[2025-01-30 13:22:35Z INFO ConfigurationStore] binPath: /Volumes/Project/Project/MyApp/quotable/actions-runner/bin
[2025-01-30 13:22:35Z INFO HostContext] Well known directory 'Bin': '/Volumes/Project/Project/MyApp/quotable/actions-runner/bin'
[2025-01-30 13:22:35Z INFO HostContext] Well known directory 'Root': '/Volumes/Project/Project/MyApp/quotable/actions-runner'
[2025-01-30 13:22:35Z INFO ConfigurationStore] RootFolder: /Volumes/Project/Project/MyApp/quotable/actions-runner
[2025-01-30 13:22:35Z INFO HostContext] Well known directory 'Bin': '/Volumes/Project/Project/MyApp/quotable/actions-runner/bin'
[2025-01-30 13:22:35Z INFO HostContext] Well known directory 'Root': '/Volumes/Project/Project/MyApp/quotable/actions-runner'
[2025-01-30 13:22:35Z INFO HostContext] Well known config file 'Runner': '/Volumes/Project/Project/MyApp/quotable/actions-runner/.runner'
[2025-01-30 13:22:35Z INFO ConfigurationStore] ConfigFilePath: /Volumes/Project/Project/MyApp/quotable/actions-runner/.runner
[2025-01-30 13:22:35Z INFO HostContext] Well known directory 'Bin': '/Volumes/Project/Project/MyApp/quotable/actions-runner/bin'
[2025-01-30 13:22:35Z INFO HostContext] Well known directory 'Root': '/Volumes/Project/Project/MyApp/quotable/actions-runner'
[2025-01-30 13:22:35Z INFO HostContext] Well known config file 'Credentials': '/Volumes/Project/Project/MyApp/quotable/actions-runner/.credentials'
[2025-01-30 13:22:35Z INFO ConfigurationStore] CredFilePath: /Volumes/Project/Project/MyApp/quotable/actions-runner/.credentials
[2025-01-30 13:22:35Z INFO HostContext] Well known directory 'Bin': '/Volumes/Project/Project/MyApp/quotable/actions-runner/bin'
[2025-01-30 13:22:35Z INFO HostContext] Well known directory 'Root': '/Volumes/Project/Project/MyApp/quotable/actions-runner'
[2025-01-30 13:22:35Z INFO HostContext] Well known config file 'MigratedCredentials': '/Volumes/Project/Project/MyApp/quotable/actions-runner/.credentials_migrated'
[2025-01-30 13:22:35Z INFO ConfigurationStore] MigratedCredFilePath: /Volumes/Project/Project/MyApp/quotable/actions-runner/.credentials_migrated
[2025-01-30 13:22:35Z INFO HostContext] Well known directory 'Bin': '/Volumes/Project/Project/MyApp/quotable/actions-runner/bin'
[2025-01-30 13:22:35Z INFO HostContext] Well known directory 'Root': '/Volumes/Project/Project/MyApp/quotable/actions-runner'
[2025-01-30 13:22:35Z INFO HostContext] Well known config file 'Service': '/Volumes/Project/Project/MyApp/quotable/actions-runner/.service'
[2025-01-30 13:22:35Z INFO ConfigurationStore] ServiceConfigFilePath: /Volumes/Project/Project/MyApp/quotable/actions-runner/.service
[2025-01-30 13:22:35Z INFO CommandSettings] Flag 'help': 'False'
[2025-01-30 13:22:35Z INFO CommandSettings] Flag 'version': 'False'
[2025-01-30 13:22:35Z INFO CommandSettings] Flag 'commit': 'False'
[2025-01-30 13:22:35Z INFO CommandSettings] Flag 'check': 'False'
[2025-01-30 13:22:35Z INFO CommandSettings] Command 'configure': 'True'
[2025-01-30 13:22:35Z INFO Terminal] WRITE LINE: 
[2025-01-30 13:22:35Z INFO Terminal] WRITE LINE: --------------------------------------------------------------------------------
[2025-01-30 13:22:35Z INFO Terminal] WRITE LINE: |        ____ _ _   _   _       _          _        _   _                      |
[2025-01-30 13:22:35Z INFO Terminal] WRITE LINE: |       / ___(_) |_| | | |_   _| |__      / \   ___| |_(_) ___  _ __  ___      |
[2025-01-30 13:22:35Z INFO Terminal] WRITE LINE: |      | |  _| | __| |_| | | | | '_ \    / _ \ / __| __| |/ _ \| '_ \/ __|     |
[2025-01-30 13:22:35Z INFO Terminal] WRITE LINE: |      | |_| | | |_|  _  | |_| | |_) |  / ___ \ (__| |_| | (_) | | | \__ \     |
[2025-01-30 13:22:35Z INFO Terminal] WRITE LINE: |       \____|_|\__|_| |_|\__,_|_.__/  /_/   \_\___|\__|_|\___/|_| |_|___/     |
[2025-01-30 13:22:35Z INFO Terminal] WRITE LINE: |                                                                              |
[2025-01-30 13:22:35Z INFO Terminal] WRITE: |                       
[2025-01-30 13:22:35Z INFO Terminal] WRITE: Self-hosted runner registration
[2025-01-30 13:22:35Z INFO Terminal] WRITE LINE:                         |
[2025-01-30 13:22:35Z INFO Terminal] WRITE LINE: |                                                                              |
[2025-01-30 13:22:35Z INFO Terminal] WRITE LINE: --------------------------------------------------------------------------------
[2025-01-30 13:22:35Z INFO ConfigurationManager] ConfigureAsync
[2025-01-30 13:22:35Z INFO CommandSettings] Flag 'generateServiceConfig': 'False'
[2025-01-30 13:22:35Z INFO ConfigurationStore] IsConfigured()
[2025-01-30 13:22:35Z INFO ConfigurationStore] IsConfigured: False
[2025-01-30 13:22:35Z INFO ConfigurationManager] Is configured: False
[2025-01-30 13:22:35Z INFO CommandSettings] Arg 'url': 'https://github.com/chiragjodhani/quoteMinimal'
[2025-01-30 13:22:35Z INFO CommandSettings] Remove url from Arg dictionary.
[2025-01-30 13:22:35Z INFO CommandSettings] Arg 'token': '***'
[2025-01-30 13:22:35Z INFO CommandSettings] Remove token from Arg dictionary.
[2025-01-30 13:22:41Z INFO ConfigurationManager] Http response code: OK from 'POST https://api.github.com/actions/runner-registration' (C211:14FE84:5949D4:74B1DB:679B7D1F)
[2025-01-30 13:22:41Z INFO ConfigurationManager] Using V2 flow: False
[2025-01-30 13:22:41Z INFO ConfigurationManager] cred retrieved via GitHub auth
[2025-01-30 13:22:41Z INFO RunnerServer] EstablishVssConnection
[2025-01-30 13:22:41Z INFO RunnerServer] Establish connection with 100 seconds timeout.
[2025-01-30 13:22:42Z INFO GitHubActionsService] Starting operation Location.GetConnectionData
[2025-01-30 13:22:42Z INFO RunnerServer] EstablishVssConnection
[2025-01-30 13:22:42Z INFO RunnerServer] Establish connection with 60 seconds timeout.
[2025-01-30 13:22:42Z INFO GitHubActionsService] Starting operation Location.GetConnectionData
[2025-01-30 13:22:42Z INFO RunnerServer] EstablishVssConnection
[2025-01-30 13:22:42Z INFO RunnerServer] Establish connection with 60 seconds timeout.
[2025-01-30 13:22:42Z INFO GitHubActionsService] Starting operation Location.GetConnectionData
[2025-01-30 13:22:45Z INFO GitHubActionsService] Finished operation Location.GetConnectionData
[2025-01-30 13:22:45Z INFO GitHubActionsService] Finished operation Location.GetConnectionData
[2025-01-30 13:22:45Z INFO GitHubActionsService] Finished operation Location.GetConnectionData
[2025-01-30 13:22:45Z INFO Terminal] WRITE LINE: 
[2025-01-30 13:22:45Z INFO ConfigurationManager] Test Connection complete.
[2025-01-30 13:22:45Z INFO HostContext] Well known directory 'Bin': '/Volumes/Project/Project/MyApp/quotable/actions-runner/bin'
[2025-01-30 13:22:45Z INFO HostContext] Well known directory 'Root': '/Volumes/Project/Project/MyApp/quotable/actions-runner'
[2025-01-30 13:22:45Z INFO HostContext] Well known config file 'RSACredentials': '/Volumes/Project/Project/MyApp/quotable/actions-runner/.credentials_rsaparams'
[2025-01-30 13:22:45Z INFO RSAFileKeyManager] Creating new RSA key using 2048-bit key length
[2025-01-30 13:22:45Z INFO RSAFileKeyManager] Successfully saved RSA key parameters to file /Volumes/Project/Project/MyApp/quotable/actions-runner/.credentials_rsaparams
[2025-01-30 13:22:45Z INFO RSAFileKeyManager] Which2: 'chmod'
[2025-01-30 13:22:45Z INFO RSAFileKeyManager] Location: '/bin/chmod'
[2025-01-30 13:22:45Z INFO HostContext] Well known directory 'Bin': '/Volumes/Project/Project/MyApp/quotable/actions-runner/bin'
[2025-01-30 13:22:45Z INFO HostContext] Well known directory 'Root': '/Volumes/Project/Project/MyApp/quotable/actions-runner'
[2025-01-30 13:22:45Z INFO ProcessInvokerWrapper] Starting process:
[2025-01-30 13:22:45Z INFO ProcessInvokerWrapper]   File name: '/bin/chmod'
[2025-01-30 13:22:45Z INFO ProcessInvokerWrapper]   Arguments: '600 /Volumes/Project/Project/MyApp/quotable/actions-runner/.credentials_rsaparams'
[2025-01-30 13:22:45Z INFO ProcessInvokerWrapper]   Working directory: '/Volumes/Project/Project/MyApp/quotable/actions-runner'
[2025-01-30 13:22:45Z INFO ProcessInvokerWrapper]   Require exit code zero: 'False'
[2025-01-30 13:22:45Z INFO ProcessInvokerWrapper]   Encoding web name:  ; code page: ''
[2025-01-30 13:22:45Z INFO ProcessInvokerWrapper]   Force kill process on cancellation: 'False'
[2025-01-30 13:22:45Z INFO ProcessInvokerWrapper]   Redirected STDIN: 'False'
[2025-01-30 13:22:45Z INFO ProcessInvokerWrapper]   Persist current code page: 'False'
[2025-01-30 13:22:45Z INFO ProcessInvokerWrapper]   Keep redirected STDIN open: 'False'
[2025-01-30 13:22:45Z INFO ProcessInvokerWrapper]   High priority process: 'False'
[2025-01-30 13:22:46Z INFO ProcessInvokerWrapper] Process started with process id 10841, waiting for process exit.
[2025-01-30 13:22:46Z INFO ProcessInvokerWrapper] STDOUT/STDERR stream read finished.
[2025-01-30 13:22:46Z INFO ProcessInvokerWrapper] STDOUT/STDERR stream read finished.
[2025-01-30 13:22:46Z INFO ProcessInvokerWrapper] Finished process 10841 with exit code 0, and elapsed time 00:00:00.2938634.
[2025-01-30 13:22:46Z INFO RSAFileKeyManager] Successfully set permissions for RSA key parameters file /Volumes/Project/Project/MyApp/quotable/actions-runner/.credentials_rsaparams
[2025-01-30 13:22:46Z INFO CommandSettings] Arg 'runnergroup': ''
[2025-01-30 13:22:46Z INFO CommandSettings] Flag 'unattended': 'False'
[2025-01-30 13:22:46Z INFO PromptManager] ReadValue
[2025-01-30 13:22:46Z INFO Terminal] WRITE: Enter the name of the runner group to add this runner to: 
[2025-01-30 13:22:46Z INFO Terminal] WRITE: [press Enter for Default] 
[2025-01-30 13:22:46Z INFO Terminal] READ LINE
[2025-01-30 13:22:54Z INFO Terminal] Read value: ''
[2025-01-30 13:22:54Z INFO PromptManager] Falling back to the default: 'Default'
[2025-01-30 13:22:54Z INFO Terminal] WRITE LINE: 
[2025-01-30 13:22:54Z INFO ConfigurationManager] Found a self-hosted runner group with id 1 and name Default
[2025-01-30 13:22:54Z INFO CommandSettings] Flag 'disableupdate': 'False'
[2025-01-30 13:22:54Z INFO CommandSettings] Flag 'ephemeral': 'False'
[2025-01-30 13:22:54Z INFO CommandSettings] Arg 'name': ''
[2025-01-30 13:22:54Z INFO CommandSettings] Flag 'unattended': 'False'
[2025-01-30 13:22:54Z INFO PromptManager] ReadValue
[2025-01-30 13:22:54Z INFO Terminal] WRITE: Enter the name of runner: 
[2025-01-30 13:22:54Z INFO Terminal] WRITE: [press Enter for Os-MacBook-Pro] 
[2025-01-30 13:22:54Z INFO Terminal] READ LINE
[2025-01-30 13:23:01Z INFO Terminal] Read value: ''
[2025-01-30 13:23:01Z INFO PromptManager] Falling back to the default: 'Os-MacBook-Pro'
[2025-01-30 13:23:01Z INFO Terminal] WRITE LINE: 
[2025-01-30 13:23:01Z INFO CommandSettings] Arg 'labels': ''
[2025-01-30 13:23:01Z INFO CommandSettings] Flag 'unattended': 'False'
[2025-01-30 13:23:01Z INFO PromptManager] ReadValue
[2025-01-30 13:23:01Z INFO Terminal] WRITE: This runner will have the following labels: 'self-hosted', 'macOS', 'X64' 
Enter any additional labels (ex. label-1,label-2): 
[2025-01-30 13:23:01Z INFO Terminal] WRITE: [press Enter to skip] 
[2025-01-30 13:23:01Z INFO Terminal] READ LINE
[2025-01-30 13:23:05Z INFO Terminal] Read value: ''
[2025-01-30 13:23:05Z INFO Terminal] WRITE LINE: 
[2025-01-30 13:23:06Z INFO CommandSettings] Flag 'disableupdate': 'False'
[2025-01-30 13:23:06Z INFO CommandSettings] Flag 'no-default-labels': 'False'
[2025-01-30 13:23:06Z INFO CommandSettings] Flag 'disableupdate': 'False'
[2025-01-30 13:23:06Z INFO CommandSettings] Flag 'ephemeral': 'False'
[2025-01-30 13:23:06Z INFO ConfigurationStore] Saving OAuth credential @ /Volumes/Project/Project/MyApp/quotable/actions-runner/.credentials
[2025-01-30 13:23:06Z INFO ConfigurationStore] Credentials Saved.
[2025-01-30 13:23:06Z INFO ConfigurationStore] HasCredentials()
[2025-01-30 13:23:06Z INFO ConfigurationStore] stored True
[2025-01-30 13:23:06Z INFO CredentialManager] GetCredentialProvider
[2025-01-30 13:23:06Z INFO CredentialManager] Creating type OAuth
[2025-01-30 13:23:06Z INFO CredentialManager] Creating credential type: OAuth
[2025-01-30 13:23:06Z INFO RSAFileKeyManager] Loading RSA key parameters from file /Volumes/Project/Project/MyApp/quotable/actions-runner/.credentials_rsaparams
[2025-01-30 13:23:06Z INFO RunnerServer] EstablishVssConnection
[2025-01-30 13:23:06Z INFO RunnerServer] Establish connection with 100 seconds timeout.
[2025-01-30 13:23:06Z INFO GitHubActionsService] Starting operation Location.GetConnectionData
[2025-01-30 13:23:06Z INFO RunnerServer] EstablishVssConnection
[2025-01-30 13:23:06Z INFO RunnerServer] Establish connection with 60 seconds timeout.
[2025-01-30 13:23:06Z INFO GitHubActionsService] Starting operation Location.GetConnectionData
[2025-01-30 13:23:06Z INFO RunnerServer] EstablishVssConnection
[2025-01-30 13:23:06Z INFO RunnerServer] Establish connection with 60 seconds timeout.
[2025-01-30 13:23:06Z INFO GitHubActionsService] Starting operation Location.GetConnectionData
[2025-01-30 13:23:08Z INFO GitHubActionsService] Finished operation Location.GetConnectionData
[2025-01-30 13:23:08Z INFO GitHubActionsService] Finished operation Location.GetConnectionData
[2025-01-30 13:23:08Z INFO GitHubActionsService] Finished operation Location.GetConnectionData
[2025-01-30 13:23:08Z INFO RSAFileKeyManager] Loading RSA key parameters from file /Volumes/Project/Project/MyApp/quotable/actions-runner/.credentials_rsaparams
[2025-01-30 13:23:08Z INFO RSAFileKeyManager] Loading RSA key parameters from file /Volumes/Project/Project/MyApp/quotable/actions-runner/.credentials_rsaparams
[2025-01-30 13:23:10Z INFO GitHubActionsService] AAD Correlation ID for this token request: Unknown
[2025-01-30 13:23:10Z INFO CommandSettings] Arg 'work': ''
[2025-01-30 13:23:10Z INFO CommandSettings] Flag 'unattended': 'False'
[2025-01-30 13:23:10Z INFO PromptManager] ReadValue
[2025-01-30 13:23:10Z INFO Terminal] WRITE: Enter name of work folder: 
[2025-01-30 13:23:10Z INFO Terminal] WRITE: [press Enter for _work] 
[2025-01-30 13:23:10Z INFO Terminal] READ LINE
[2025-01-30 13:23:31Z INFO Terminal] Read value: 'quoteminimal'
[2025-01-30 13:23:31Z INFO ConfigurationStore] Saving runner settings.
[2025-01-30 13:23:31Z INFO ConfigurationStore] Settings Saved.
[2025-01-30 13:23:31Z INFO Terminal] WRITE LINE: 
[2025-01-30 13:23:31Z INFO Terminal] WRITE LINE: 
[2025-01-30 13:23:31Z INFO OsxServiceControlManager] Service name 'actions.runner.chiragjodhani-quoteMinimal.Os-MacBook-Pro' display name 'GitHub Actions Runner (chiragjodhani-quoteMinimal.Os-MacBook-Pro)' will be used for service configuration.
[2025-01-30 13:23:31Z INFO HostContext] Well known directory 'Bin': '/Volumes/Project/Project/MyApp/quotable/actions-runner/bin'
[2025-01-30 13:23:31Z INFO HostContext] Well known directory 'Root': '/Volumes/Project/Project/MyApp/quotable/actions-runner'
[2025-01-30 13:23:31Z INFO HostContext] Well known directory 'Bin': '/Volumes/Project/Project/MyApp/quotable/actions-runner/bin'
[2025-01-30 13:23:31Z INFO HostContext] Well known directory 'Bin': '/Volumes/Project/Project/MyApp/quotable/actions-runner/bin'
[2025-01-30 13:23:31Z INFO HostContext] Well known directory 'Root': '/Volumes/Project/Project/MyApp/quotable/actions-runner'
[2025-01-30 13:23:31Z INFO UnixUtil] Which2: 'chmod'
[2025-01-30 13:23:31Z INFO UnixUtil] Location: '/bin/chmod'
[2025-01-30 13:23:31Z INFO UnixUtil] Running /bin/chmod 755 "/Volumes/Project/Project/MyApp/quotable/actions-runner/svc.sh"
[2025-01-30 13:23:31Z INFO ProcessInvokerWrapper] Starting process:
[2025-01-30 13:23:31Z INFO ProcessInvokerWrapper]   File name: '/bin/chmod'
[2025-01-30 13:23:31Z INFO ProcessInvokerWrapper]   Arguments: '755 "/Volumes/Project/Project/MyApp/quotable/actions-runner/svc.sh"'
[2025-01-30 13:23:31Z INFO ProcessInvokerWrapper]   Working directory: '/Volumes/Project/Project/MyApp/quotable/actions-runner'
[2025-01-30 13:23:31Z INFO ProcessInvokerWrapper]   Require exit code zero: 'True'
[2025-01-30 13:23:31Z INFO ProcessInvokerWrapper]   Encoding web name:  ; code page: ''
[2025-01-30 13:23:31Z INFO ProcessInvokerWrapper]   Force kill process on cancellation: 'False'
[2025-01-30 13:23:31Z INFO ProcessInvokerWrapper]   Redirected STDIN: 'False'
[2025-01-30 13:23:31Z INFO ProcessInvokerWrapper]   Persist current code page: 'False'
[2025-01-30 13:23:31Z INFO ProcessInvokerWrapper]   Keep redirected STDIN open: 'False'
[2025-01-30 13:23:31Z INFO ProcessInvokerWrapper]   High priority process: 'False'
[2025-01-30 13:23:31Z INFO ProcessInvokerWrapper] Process started with process id 10844, waiting for process exit.
[2025-01-30 13:23:31Z INFO ProcessInvokerWrapper] STDOUT/STDERR stream read finished.
[2025-01-30 13:23:31Z INFO ProcessInvokerWrapper] STDOUT/STDERR stream read finished.
[2025-01-30 13:23:31Z INFO ProcessInvokerWrapper] Finished process 10844 with exit code 0, and elapsed time 00:00:00.0096784.
[2025-01-30 13:23:31Z INFO Listener] Runner execution has finished with return code 0
